TN:
SF:scripts/check-bundle-size.ts
FNF:11
FNH:7
DA:49,47
DA:50,93
DA:57,42
DA:58,37
DA:67,25
DA:68,26
DA:83,22
DA:86,3
DA:87,32
DA:88,30
DA:89,2
DA:91,49
DA:92,76
DA:93,44
DA:94,47
DA:97,29
DA:117,18
DA:118,4
DA:119,29
DA:120,27
DA:121,14
DA:122,25
DA:123,0
DA:124,0
DA:125,2
DA:126,13
DA:129,11
DA:130,61
DA:134,28
DA:137,30
DA:140,51
DA:141,0
DA:142,0
DA:143,0
DA:144,2
DA:145,17
DA:146,64
DA:147,38
DA:148,4
DA:149,29
DA:150,76
DA:151,79
DA:152,40
DA:153,17
DA:154,19
DA:155,4
DA:156,2
DA:157,10
DA:160,10
DA:161,41
DA:162,43
DA:163,12
DA:166,33
DA:167,17
DA:168,64
DA:169,41
DA:170,11
DA:171,4
DA:172,42
DA:173,48
DA:174,40
DA:175,46
DA:176,36
DA:177,29
DA:178,35
DA:179,27
DA:180,38
DA:181,55
DA:182,34
DA:183,36
DA:184,74
DA:185,2
DA:186,11
DA:189,31
DA:190,22
DA:191,29
DA:192,61
DA:193,23
DA:194,29
DA:195,18
DA:196,42
DA:197,35
DA:198,7
DA:199,4
DA:200,56
DA:201,0
DA:202,0
DA:203,0
DA:204,0
DA:205,0
DA:206,0
DA:207,4
DA:208,65
DA:209,23
DA:210,31
DA:211,18
DA:212,44
DA:213,37
DA:214,7
DA:215,2
DA:216,2
DA:217,16
DA:236,6
DA:237,13
DA:238,28
DA:239,65
DA:240,3
DA:241,60
DA:245,28
DA:246,30
DA:247,20
DA:248,24
DA:250,14
DA:251,9
DA:252,10
DA:253,10
DA:254,5
DA:255,10
DA:256,5
DA:257,37
DA:258,40
DA:259,24
DA:260,33
DA:261,24
DA:262,16
DA:263,72
DA:264,8
DA:265,11
DA:266,4
DA:267,12
DA:268,73
DA:269,6
DA:270,17
DA:273,29
DA:274,71
DA:275,74
DA:276,22
DA:277,15
DA:278,27
DA:279,6
DA:280,23
DA:281,17
DA:282,6
DA:283,23
DA:284,16
DA:285,28
DA:286,7
DA:287,24
DA:288,18
DA:289,6
DA:290,24
DA:291,17
DA:292,29
DA:293,7
DA:294,24
DA:295,19
DA:296,4
DA:297,2
DA:299,70
DA:301,67
DA:302,42
DA:305,0
DA:306,0
DA:310,0
DA:311,0
DA:312,0
DA:313,0
DA:314,0
DA:315,0
DA:316,0
DA:317,0
DA:318,0
DA:322,0
DA:323,0
DA:324,0
DA:325,0
DA:326,0
DA:327,0
DA:328,0
DA:329,0
DA:330,0
DA:331,0
DA:332,0
DA:333,0
DA:334,0
DA:335,0
DA:336,0
DA:337,0
DA:338,0
DA:342,0
DA:343,0
DA:344,0
DA:345,0
DA:346,0
DA:347,0
DA:348,0
DA:349,0
DA:350,0
DA:351,0
DA:352,0
DA:353,0
DA:354,0
DA:355,0
DA:356,0
DA:357,0
DA:358,0
DA:359,0
DA:360,0
DA:361,0
DA:362,0
DA:363,0
DA:364,0
DA:365,0
DA:366,0
DA:367,0
DA:368,0
DA:369,0
DA:370,0
DA:371,0
DA:372,0
DA:373,0
DA:374,0
DA:375,0
DA:376,0
DA:377,0
DA:378,0
DA:379,0
DA:380,0
DA:381,0
DA:382,0
DA:383,0
DA:384,0
DA:385,0
DA:386,0
DA:387,0
DA:388,0
DA:389,0
DA:390,0
DA:391,1
DA:394,21
LF:240
LH:152
end_of_record
TN:
SF:scripts/check-ci-parity.ts
FNF:11
FNH:9
DA:34,64
DA:35,52
DA:36,27
DA:38,49
DA:39,62
DA:40,56
DA:41,30
DA:49,18
DA:53,40
DA:58,47
DA:59,2
DA:67,26
DA:71,15
DA:76,13
DA:80,23
DA:81,25
DA:82,3
DA:88,66
DA:90,18
DA:91,17
DA:92,54
DA:93,26
DA:94,30
DA:95,2
DA:96,11
DA:99,11
DA:100,61
DA:101,25
DA:104,6
DA:105,9
DA:106,6
DA:107,3
DA:108,28
DA:109,21
DA:110,23
DA:111,29
DA:112,29
DA:113,50
DA:114,24
DA:115,31
DA:116,23
DA:120,0
DA:121,0
DA:122,4
DA:123,52
DA:124,50
DA:125,2
DA:126,2
DA:127,30
DA:141,19
DA:142,46
DA:143,30
DA:144,49
DA:145,17
DA:146,54
DA:147,59
DA:148,29
DA:149,43
DA:150,35
DA:151,28
DA:152,47
DA:153,56
DA:154,62
DA:155,4
DA:156,4
DA:157,2
DA:158,11
DA:161,30
DA:162,26
DA:163,24
DA:164,55
DA:165,23
DA:166,7
DA:174,8
DA:178,3
DA:179,32
DA:180,61
DA:181,22
DA:182,25
DA:183,38
DA:187,43
DA:188,47
DA:189,48
DA:190,2
DA:191,30
DA:192,0
DA:193,0
DA:194,0
DA:195,0
DA:196,0
DA:197,0
DA:198,0
DA:199,0
DA:200,2
DA:201,43
DA:204,0
DA:208,0
DA:209,0
DA:210,0
DA:211,0
DA:212,0
DA:213,0
DA:214,0
DA:215,0
DA:216,0
DA:217,0
DA:218,0
DA:219,0
DA:220,0
DA:221,0
DA:222,0
DA:223,0
DA:224,0
DA:225,0
DA:226,0
DA:227,0
DA:228,0
DA:229,0
DA:230,0
DA:231,0
DA:232,1
DA:235,20
DA:236,0
LF:123
LH:87
end_of_record
TN:
SF:scripts/check-coverage.ts
FNF:9
FNH:3
DA:31,47
DA:32,77
DA:33,36
DA:35,49
DA:36,73
DA:37,52
DA:38,53
DA:39,51
DA:57,14
DA:58,33
DA:59,31
DA:60,29
DA:61,4
DA:62,27
DA:63,25
DA:64,11
DA:65,10
DA:66,5
DA:67,16
DA:68,63
DA:69,1
DA:70,2
DA:71,4
DA:72,29
DA:73,27
DA:74,13
DA:75,12
DA:76,5
DA:77,16
DA:78,59
DA:79,1
DA:80,2
DA:81,33
DA:94,17
DA:98,54
DA:99,26
DA:100,55
DA:101,4
DA:102,22
DA:103,54
DA:104,50
DA:105,64
DA:106,28
DA:109,6
DA:110,8
DA:111,9
DA:112,3
DA:113,22
DA:114,46
DA:115,21
DA:116,26
DA:117,31
DA:118,28
DA:119,5
DA:120,2
DA:121,38
DA:122,21
DA:123,22
DA:124,27
DA:125,24
DA:126,5
DA:127,2
DA:128,15
DA:131,0
DA:135,0
DA:136,0
DA:137,0
DA:138,0
DA:139,0
DA:140,0
DA:141,0
DA:142,0
DA:143,0
DA:144,0
DA:145,0
DA:146,0
DA:147,0
DA:148,0
DA:149,0
DA:150,0
DA:151,0
DA:152,0
DA:153,0
DA:154,0
DA:155,0
DA:159,0
DA:160,0
DA:161,0
DA:162,0
DA:163,0
DA:164,0
DA:165,0
DA:166,0
DA:167,0
DA:168,0
DA:169,0
DA:170,0
DA:171,0
DA:172,0
DA:173,0
DA:178,0
DA:179,0
DA:180,0
DA:181,0
DA:182,0
DA:183,0
DA:184,0
DA:185,0
DA:186,0
DA:187,0
DA:188,0
DA:189,0
DA:190,0
DA:191,0
DA:192,0
DA:193,0
DA:194,0
DA:195,0
DA:196,0
DA:197,0
DA:198,0
DA:199,0
DA:200,0
DA:204,0
DA:205,0
DA:206,0
DA:207,0
DA:208,0
DA:209,0
DA:210,0
DA:211,0
DA:212,0
DA:213,0
DA:214,0
DA:215,0
DA:216,0
DA:217,0
DA:218,0
DA:219,0
DA:220,0
DA:221,0
DA:222,0
DA:223,0
DA:224,0
DA:225,0
DA:226,0
DA:227,0
DA:228,0
DA:232,0
DA:233,0
DA:234,0
DA:235,0
DA:236,0
DA:237,0
DA:238,0
DA:239,0
DA:240,0
DA:241,0
DA:242,0
DA:243,0
DA:244,0
DA:245,0
DA:246,0
DA:247,0
DA:248,0
DA:249,0
DA:250,0
DA:251,0
DA:252,0
DA:253,1
DA:256,20
DA:257,0
LF:172
LH:65
end_of_record
TN:
SF:scripts/check-debt-markers.ts
FNF:9
FNH:7
DA:28,74
DA:29,52
DA:31,49
DA:32,80
DA:34,38
DA:35,35
DA:36,60
DA:37,42
DA:40,37
DA:41,34
DA:42,37
DA:43,3
DA:48,46
DA:49,22
DA:50,36
DA:51,11
DA:52,17
DA:53,1
DA:61,6
DA:62,37
DA:63,63
DA:67,29
DA:68,25
DA:69,0
DA:70,0
DA:71,0
DA:72,2
DA:73,21
DA:74,24
DA:75,24
DA:76,0
DA:77,0
DA:78,0
DA:79,0
DA:80,0
DA:81,0
DA:82,0
DA:83,0
DA:84,0
DA:85,0
DA:86,0
DA:87,0
DA:88,0
DA:89,0
DA:90,0
DA:91,0
DA:92,0
DA:93,0
DA:94,0
DA:95,0
DA:96,0
DA:97,2
DA:98,35
DA:101,13
DA:102,52
DA:103,48
DA:104,38
DA:105,2
DA:106,12
DA:109,8
DA:110,26
DA:111,42
DA:112,58
DA:113,34
DA:114,30
DA:115,28
DA:116,22
DA:117,29
DA:118,15
DA:119,3
DA:120,1
DA:123,10
DA:124,49
DA:127,0
DA:128,0
DA:129,0
DA:130,0
DA:131,1
DA:141,8
DA:145,3
DA:146,68
DA:147,41
DA:148,31
DA:150,19
DA:151,65
DA:153,22
DA:154,30
DA:155,50
DA:156,2
DA:158,23
DA:159,29
DA:161,32
DA:162,63
DA:163,36
DA:164,40
DA:166,46
DA:167,36
DA:168,44
DA:169,34
DA:170,42
DA:171,18
DA:172,0
DA:173,0
DA:174,0
DA:175,0
DA:176,0
DA:177,0
DA:178,0
DA:179,0
DA:180,0
DA:181,0
DA:182,0
DA:183,0
DA:184,0
DA:185,0
DA:187,2
DA:188,2
DA:190,35
DA:191,30
DA:192,0
DA:193,0
DA:194,2
DA:196,60
DA:199,0
DA:200,0
DA:201,0
DA:202,0
DA:203,0
DA:204,0
DA:205,0
DA:206,0
DA:207,0
DA:208,0
DA:209,0
DA:210,0
DA:211,0
DA:212,0
DA:213,0
DA:214,0
DA:215,0
DA:216,0
DA:217,0
DA:218,0
DA:219,0
DA:220,0
DA:221,0
DA:222,0
DA:223,0
DA:224,0
DA:225,0
DA:226,0
DA:227,1
DA:233,21
LF:153
LH:81
end_of_record
TN:
SF:scripts/check-file-sizes.ts
FNF:9
FNH:8
DA:24,74
DA:25,52
DA:27,49
DA:28,74
DA:30,38
DA:31,35
DA:32,60
DA:33,41
DA:40,6
DA:41,61
DA:45,34
DA:46,30
DA:47,52
DA:48,0
DA:49,2
DA:50,4
DA:51,20
DA:52,31
DA:53,23
DA:54,0
DA:55,0
DA:56,2
DA:57,24
DA:58,52
DA:59,0
DA:60,0
DA:61,0
DA:62,0
DA:63,0
DA:64,0
DA:65,2
DA:66,41
DA:69,13
DA:70,48
DA:71,38
DA:72,2
DA:73,12
DA:76,8
DA:77,26
DA:78,42
DA:79,58
DA:80,34
DA:81,30
DA:82,28
DA:83,22
DA:84,29
DA:85,15
DA:86,3
DA:87,1
DA:90,14
DA:91,37
DA:92,26
DA:94,16
DA:95,40
DA:96,32
DA:97,2
DA:98,12
DA:101,10
DA:102,50
DA:107,11
DA:108,47
DA:109,22
DA:110,29
DA:112,19
DA:113,65
DA:116,63
DA:118,22
DA:119,30
DA:120,50
DA:121,2
DA:122,32
DA:123,25
DA:124,2
DA:126,32
DA:127,63
DA:128,36
DA:129,40
DA:130,24
DA:132,34
DA:133,34
DA:134,27
DA:135,0
DA:136,0
DA:137,0
DA:138,0
DA:139,0
DA:140,0
DA:141,0
DA:142,0
DA:143,28
DA:144,0
DA:145,0
DA:146,0
DA:147,0
DA:148,0
DA:149,0
DA:150,3
DA:151,2
DA:153,32
DA:154,40
DA:155,0
DA:156,2
DA:158,39
DA:161,0
DA:162,0
DA:163,0
DA:164,0
DA:165,0
DA:166,0
DA:167,0
DA:168,0
DA:169,0
DA:170,0
DA:171,0
DA:172,0
DA:173,0
DA:174,0
DA:175,0
DA:176,0
DA:177,0
DA:178,0
DA:179,0
DA:180,0
DA:181,0
DA:182,0
DA:183,0
DA:184,0
DA:185,0
DA:186,0
DA:187,1
DA:190,21
LF:131
LH:81
end_of_record
TN:
SF:scripts/report-quality-metrics.ts
FNF:18
FNH:14
DA:30,94
DA:37,42
DA:38,37
DA:40,49
DA:60,16
DA:61,14
DA:62,14
DA:63,13
DA:64,13
DA:65,18
DA:66,48
DA:67,32
DA:68,27
DA:69,36
DA:70,34
DA:71,37
DA:72,68
DA:73,45
DA:74,24
DA:75,14
DA:76,21
DA:77,19
DA:78,10
DA:79,14
DA:80,21
DA:81,19
DA:82,10
DA:83,13
DA:84,20
DA:85,19
DA:86,10
DA:87,13
DA:88,20
DA:89,19
DA:90,7
DA:92,2
DA:93,20
DA:94,47
DA:95,46
DA:96,12
DA:97,52
DA:98,45
DA:99,2
DA:114,6
DA:115,11
DA:116,3
DA:117,39
DA:123,20
DA:124,27
DA:125,48
DA:126,50
DA:127,28
DA:128,42
DA:129,56
DA:130,32
DA:131,53
DA:132,37
DA:133,2
DA:134,39
DA:143,22
DA:144,41
DA:148,39
DA:149,40
DA:150,12
DA:151,37
DA:152,33
DA:153,53
DA:154,2
DA:161,24
DA:162,43
DA:163,58
DA:183,0
DA:184,0
DA:185,0
DA:186,0
DA:187,0
DA:188,0
DA:189,0
DA:190,0
DA:191,0
DA:192,0
DA:193,0
DA:194,0
DA:195,0
DA:196,0
DA:197,0
DA:198,0
DA:199,0
DA:200,0
DA:201,0
DA:202,0
DA:203,0
DA:204,0
DA:205,0
DA:206,0
DA:207,0
DA:208,0
DA:209,0
DA:210,0
DA:211,0
DA:212,0
DA:213,0
DA:214,0
DA:215,0
DA:216,0
DA:217,0
DA:221,11
DA:222,26
DA:223,62
DA:224,0
DA:227,19
DA:228,31
DA:229,30
DA:230,89
DA:233,20
DA:234,22
DA:235,36
DA:236,71
DA:255,14
DA:258,3
DA:259,9
DA:260,43
DA:264,14
DA:265,11
DA:266,60
DA:267,56
DA:268,1
DA:269,0
DA:270,0
DA:274,1
DA:275,13
DA:276,6
DA:277,3
DA:278,68
DA:279,51
DA:280,69
DA:281,57
DA:282,62
DA:283,27
DA:286,12
DA:287,66
DA:288,44
DA:289,76
DA:290,2
DA:291,52
DA:295,12
DA:296,84
DA:297,69
DA:298,1
DA:301,15
DA:302,29
DA:303,48
DA:304,12
DA:305,94
DA:306,97
DA:307,1
DA:310,12
DA:311,18
DA:312,32
DA:313,58
DA:314,10
DA:315,130
DA:316,4
DA:317,2
DA:318,30
DA:319,50
DA:320,10
DA:321,70
DA:322,4
DA:323,2
DA:324,11
DA:327,17
DA:328,22
DA:329,14
DA:330,87
DA:331,1
DA:332,2
DA:333,24
DA:334,12
DA:335,77
DA:336,80
DA:337,74
DA:338,74
DA:339,2
DA:342,17
DA:343,19
DA:344,30
DA:345,7
DA:346,25
DA:347,20
DA:348,34
DA:349,46
DA:350,33
DA:351,44
DA:352,7
DA:353,112
DA:354,4
DA:355,4
DA:356,21
DA:359,0
DA:363,0
DA:364,0
DA:365,0
DA:366,0
DA:367,0
DA:368,0
DA:369,0
DA:370,0
DA:371,0
DA:372,0
DA:373,0
DA:374,0
DA:378,0
DA:379,0
DA:380,0
DA:381,0
DA:382,0
DA:383,0
DA:384,0
DA:385,0
DA:386,0
DA:387,0
DA:388,0
DA:389,0
DA:390,0
DA:391,0
DA:392,0
DA:393,0
DA:394,0
DA:395,0
DA:396,0
DA:397,0
DA:398,0
DA:399,0
DA:400,0
DA:401,0
DA:402,0
DA:403,0
DA:404,0
DA:405,0
DA:406,0
DA:407,0
DA:408,0
DA:409,0
DA:410,0
DA:411,0
DA:412,0
DA:413,1
DA:416,20
DA:417,0
LF:250
LH:163
end_of_record
TN:
SF:scripts/report-test-timing.ts
FNF:10
FNH:8
DA:20,66
DA:44,15
DA:45,58
DA:46,15
DA:49,14
DA:50,19
DA:52,41
DA:53,46
DA:54,25
DA:55,41
DA:56,51
DA:57,41
DA:58,45
DA:59,51
DA:60,51
DA:61,53
DA:62,2
DA:68,28
DA:69,27
DA:70,72
DA:71,21
DA:72,39
DA:73,31
DA:74,2
DA:75,50
DA:76,65
DA:77,4
DA:79,53
DA:80,23
DA:81,21
DA:82,19
DA:83,72
DA:84,71
DA:85,2
DA:87,62
DA:88,65
DA:89,2
DA:90,21
DA:91,28
DA:92,2
DA:94,50
DA:97,13
DA:98,53
DA:99,42
DA:102,23
DA:103,39
DA:104,44
DA:105,17
DA:106,41
DA:107,44
DA:108,17
DA:110,19
DA:111,31
DA:112,17
DA:113,11
DA:114,115
DA:115,4
DA:116,17
DA:117,63
DA:118,17
DA:119,40
DA:120,38
DA:121,35
DA:122,78
DA:123,2
DA:124,17
DA:125,68
DA:126,17
DA:127,39
DA:128,37
DA:129,34
DA:130,73
DA:131,75
DA:132,2
DA:133,17
DA:134,21
DA:137,0
DA:138,0
DA:139,0
DA:140,0
DA:141,0
DA:142,0
DA:143,0
DA:144,0
DA:145,0
DA:146,0
DA:147,0
DA:148,0
DA:149,0
DA:150,0
DA:151,0
DA:152,0
DA:156,0
DA:157,0
DA:158,0
DA:159,0
DA:160,0
DA:161,0
DA:162,0
DA:163,0
DA:164,0
DA:165,0
DA:166,0
DA:167,0
DA:168,0
DA:169,0
DA:170,0
DA:171,0
DA:172,0
DA:173,1
DA:176,20
DA:177,0
LF:112
LH:78
end_of_record
TN:
SF:src/lib/tina-data.ts
FNF:11
FNH:1
DA:1,53
DA:2,51
DA:3,57
DA:22,0
DA:23,0
DA:24,0
DA:25,0
DA:26,0
DA:30,0
DA:31,0
DA:32,0
DA:33,0
DA:34,0
DA:35,0
DA:36,0
DA:37,0
DA:38,0
DA:39,0
DA:40,0
DA:41,0
DA:42,0
DA:43,0
DA:44,0
DA:45,0
DA:46,0
DA:47,0
DA:48,0
DA:49,0
DA:50,0
DA:51,0
DA:52,0
DA:53,0
DA:54,0
DA:55,0
DA:56,0
DA:57,0
DA:58,0
DA:59,0
DA:60,0
DA:61,0
DA:62,0
DA:63,0
DA:64,0
DA:65,0
DA:66,1
DA:69,25
DA:70,37
DA:73,0
DA:74,0
DA:75,0
DA:76,0
DA:77,1
DA:80,0
DA:81,0
DA:82,0
DA:83,0
DA:84,1
DA:87,0
DA:88,0
DA:89,0
DA:90,0
DA:91,1
DA:94,0
DA:95,0
DA:96,0
DA:97,0
DA:98,1
DA:101,29
DA:103,0
DA:104,0
DA:105,0
DA:106,0
DA:107,0
DA:108,0
DA:109,0
DA:110,0
DA:111,0
DA:112,0
DA:113,0
DA:114,1
DA:117,0
DA:118,0
DA:119,0
DA:120,0
DA:121,1
DA:124,0
DA:125,0
DA:126,0
DA:127,0
DA:128,1
DA:131,0
DA:132,0
DA:133,0
DA:134,0
DA:135,0
DA:136,0
DA:137,0
DA:138,0
DA:139,0
DA:140,0
DA:141,0
LF:101
LH:14
end_of_record
TN:
SF:src/lib/tina-islands.ts
FNF:17
FNH:1
DA:12,62
DA:13,66
DA:14,68
DA:15,68
DA:16,60
DA:17,62
DA:18,66
DA:19,68
DA:20,138
DA:32,14
DA:33,12
DA:34,13
DA:35,0
DA:36,7
DA:37,26
DA:38,31
DA:39,0
DA:40,0
DA:41,4
DA:42,6
DA:43,14
DA:44,0
DA:45,7
DA:46,27
DA:47,58
DA:48,0
DA:49,0
DA:50,4
DA:51,6
DA:52,17
DA:53,0
DA:54,7
DA:55,30
DA:56,58
DA:57,0
DA:58,0
DA:59,4
DA:60,6
DA:61,16
DA:62,0
DA:63,7
DA:64,29
DA:65,58
DA:66,0
DA:67,0
DA:68,4
DA:69,6
DA:70,15
DA:71,0
DA:72,0
DA:73,0
DA:74,0
DA:75,0
DA:76,0
DA:77,7
DA:79,30
DA:80,58
DA:81,0
DA:82,0
DA:83,0
DA:84,0
DA:85,0
DA:86,4
DA:87,6
DA:88,15
DA:89,0
DA:90,0
DA:91,0
DA:92,0
DA:93,0
DA:94,0
DA:95,7
DA:97,30
DA:98,30
DA:99,0
DA:100,0
DA:101,0
DA:102,0
DA:103,4
DA:104,6
DA:105,16
DA:106,0
DA:107,7
DA:108,29
DA:109,58
DA:110,0
DA:111,0
DA:112,0
DA:113,0
DA:114,4
DA:115,6
DA:116,14
DA:117,0
DA:118,7
DA:119,27
DA:120,58
DA:121,0
DA:122,0
DA:123,4
DA:124,3
DA:125,1
LF:101
LH:60
end_of_record
TN:
SF:src/middleware.ts
FNF:1
FNH:0
DA:2,52
DA:3,54
DA:5,0
DA:6,0
DA:7,0
DA:8,0
DA:9,0
DA:10,0
DA:11,0
DA:12,0
DA:13,0
DA:14,0
DA:15,0
DA:16,0
DA:17,0
DA:18,0
DA:19,0
DA:20,0
DA:21,0
DA:22,0
DA:23,0
DA:24,0
DA:25,0
DA:26,0
DA:27,0
DA:28,0
DA:29,0
DA:30,0
DA:31,0
DA:32,0
DA:33,0
DA:34,0
DA:35,0
DA:36,0
DA:37,0
DA:38,0
DA:39,0
DA:40,0
DA:41,0
DA:42,0
DA:43,0
DA:44,0
DA:45,0
DA:46,0
DA:47,0
DA:48,0
DA:49,0
DA:50,0
DA:51,0
DA:52,0
DA:53,0
DA:54,0
DA:55,0
DA:56,0
DA:57,0
DA:58,0
DA:59,0
DA:60,0
DA:61,0
DA:62,0
DA:63,0
DA:64,0
DA:65,0
DA:66,0
DA:67,0
DA:68,0
DA:69,0
DA:70,0
DA:71,0
DA:72,0
DA:73,0
DA:74,0
DA:75,0
DA:76,0
DA:77,0
DA:78,0
DA:79,0
DA:80,0
DA:81,0
DA:82,0
DA:83,0
DA:84,0
DA:85,0
DA:86,0
DA:87,0
DA:88,0
DA:89,0
DA:90,0
DA:91,0
DA:93,2
LF:90
LH:3
end_of_record
TN:
SF:src/utils/alpine.ts
FNF:4
FNH:1
DA:3,17
DA:4,0
DA:5,0
DA:6,0
DA:7,0
DA:8,0
DA:9,0
DA:10,0
DA:11,0
DA:12,0
DA:13,0
DA:14,0
DA:15,0
DA:16,0
DA:17,0
DA:18,0
DA:19,0
DA:20,0
DA:21,0
DA:22,0
DA:23,0
DA:24,0
DA:25,0
DA:26,0
DA:27,0
DA:28,0
DA:29,0
DA:30,0
DA:31,0
DA:32,0
DA:33,0
DA:34,0
DA:35,0
DA:36,0
DA:37,0
DA:38,0
DA:39,0
DA:40,0
DA:41,0
DA:42,0
DA:43,0
DA:44,0
DA:45,0
DA:46,0
DA:47,0
DA:48,0
DA:49,0
DA:50,0
DA:51,0
DA:52,0
DA:53,0
DA:54,0
DA:55,0
DA:56,0
DA:57,0
DA:58,0
DA:59,0
DA:60,0
DA:61,0
DA:62,0
DA:63,0
DA:64,0
DA:65,0
DA:66,0
DA:67,0
DA:68,0
DA:69,0
DA:70,0
DA:71,0
DA:72,0
DA:73,0
DA:74,0
DA:75,0
DA:76,0
DA:77,0
DA:78,0
DA:79,0
DA:80,0
DA:81,0
DA:82,0
DA:83,0
DA:84,0
DA:85,0
DA:86,0
DA:87,0
DA:88,0
DA:89,0
DA:90,4
DA:92,0
DA:93,0
DA:94,0
DA:95,0
DA:96,0
DA:97,0
DA:98,0
DA:99,0
DA:100,0
DA:101,0
DA:102,0
DA:103,0
DA:104,0
DA:105,0
DA:106,0
DA:107,0
DA:108,0
DA:109,0
DA:110,0
DA:111,0
DA:112,0
DA:113,0
DA:114,0
DA:115,0
DA:116,0
DA:117,0
DA:118,0
DA:119,0
DA:120,0
DA:121,0
DA:122,0
DA:123,0
DA:124,0
DA:125,0
DA:126,0
DA:127,0
DA:128,0
DA:129,0
DA:130,0
DA:131,0
DA:132,0
DA:133,0
DA:134,0
DA:135,0
DA:136,0
DA:137,0
DA:138,0
DA:139,0
DA:140,0
DA:141,0
DA:142,0
DA:143,0
DA:144,0
DA:145,0
DA:146,0
DA:147,0
DA:148,0
DA:149,0
DA:150,0
DA:151,0
DA:152,0
DA:153,0
DA:154,0
DA:155,0
DA:156,0
DA:157,0
DA:158,4
DA:160,0
DA:161,0
DA:162,0
DA:163,0
DA:164,0
DA:165,0
DA:166,0
DA:167,0
DA:168,0
DA:169,0
DA:170,0
DA:171,0
DA:172,0
DA:173,0
DA:174,0
DA:175,0
DA:176,0
DA:177,0
DA:178,0
DA:179,0
DA:181,3
LF:176
LH:4
end_of_record
TN:
SF:tina/__generated__/types.ts
FNF:6
FNH:2
DA:3,27
DA:4,15
DA:5,35
DA:6,34
DA:7,4
DA:8,11
DA:3426,606
DA:3479,1865
DA:3602,1867
DA:3724,1912
DA:3846,1897
DA:3968,133
DA:3977,1252
DA:4058,861
DA:4128,332
DA:4146,30
DA:4147,721
DA:4184,30
DA:4185,308
DA:4203,24
DA:4204,691
DA:4241,24
DA:4242,312
DA:4260,25
DA:4261,696
DA:4298,25
DA:4299,324
DA:4317,28
DA:4318,711
DA:4355,28
DA:4356,320
DA:4374,27
DA:4375,706
DA:4412,27
DA:4413,312
DA:4431,25
DA:4432,696
DA:4469,25
DA:4470,324
DA:4488,28
DA:4489,711
DA:4526,28
DA:4527,340
DA:4545,32
DA:4546,731
DA:4583,32
DA:4585,0
DA:4586,0
DA:4587,0
DA:4588,0
DA:4589,0
DA:4590,0
DA:4591,0
DA:4592,0
DA:4593,0
DA:4594,0
DA:4595,0
DA:4596,0
DA:4597,0
DA:4598,0
DA:4599,0
DA:4600,0
DA:4601,0
DA:4602,0
DA:4603,0
DA:4604,0
DA:4605,0
DA:4606,0
DA:4607,0
DA:4608,0
DA:4609,0
DA:4610,0
DA:4611,0
DA:4612,0
DA:4613,0
DA:4614,0
DA:4615,0
DA:4616,0
DA:4617,0
DA:4618,0
DA:4619,0
DA:4620,0
DA:4621,0
DA:4622,0
DA:4623,0
DA:4624,0
DA:4625,0
DA:4626,0
DA:4627,0
DA:4628,0
DA:4629,0
DA:4630,0
DA:4631,0
DA:4632,0
DA:4633,0
DA:4634,0
DA:4635,1
DA:4640,51
DA:4642,0
DA:4643,0
DA:4644,0
DA:4645,0
DA:4646,0
DA:4647,0
DA:4648,0
DA:4649,0
DA:4650,0
DA:4651,0
DA:4652,0
DA:4653,0
DA:4654,0
DA:4655,0
DA:4656,0
DA:4657,0
DA:4658,0
DA:4659,0
DA:4660,0
DA:4661,0
DA:4662,0
DA:4663,0
DA:4664,0
DA:4665,0
DA:4666,0
DA:4667,0
DA:4668,0
DA:4669,0
DA:4670,0
DA:4671,0
DA:4672,2
DA:4678,0
DA:4679,0
DA:4680,0
DA:4681,0
DA:4682,0
DA:4683,0
DA:4684,0
DA:4686,2
DA:4688,0
DA:4689,0
DA:4690,0
DA:4691,0
DA:4692,1
LF:142
LH:51
end_of_record
